<?xml version="1.0" encoding="UTF-8"?>
<!-- Generated by org.testng.reporters.JUnitReportReporter -->
<testsuite hostname="DESKTOP-UNIILOK" failures="0" tests="1" name="propertyFile.Propertyfile1" time="5.052" errors="0" timestamp="2023-03-10T13:36:39 IST" skipped="0">
  <testcase classname="propertyFile.Propertyfile1" name="getdata" time="5.052"/>
  <system-out/>
</testsuite> <!-- propertyFile.Propertyfile1 -->
