<?xml version="1.0" encoding="UTF-8"?>
<!-- Generated by org.testng.reporters.JUnitReportReporter -->
<testsuite hostname="DESKTOP-UNIILOK" failures="0" tests="1" name="parameterization.Crossbrowser" time="4.462" errors="0" timestamp="2023-03-06T12:27:44 IST" skipped="0">
  <testcase classname="parameterization.Crossbrowser" name="print" time="4.462"/>
  <system-out/>
</testsuite> <!-- parameterization.Crossbrowser -->
