<?xml version="1.0" encoding="UTF-8"?>
<!-- Generated by org.testng.reporters.JUnitReportReporter -->
<testsuite hostname="DESKTOP-UNIILOK" failures="0" tests="2" name="pom1.Script_class" time="10.339" errors="0" timestamp="2023-03-07T14:54:57 IST" skipped="0">
  <testcase classname="pom1.Script_class" name="Page" time="5.029"/>
  <system-out/>
  <testcase classname="pom1.Script_class" name="Page" time="5.310"/>
  <system-out/>
</testsuite> <!-- pom1.Script_class -->
