<?xml version="1.0" encoding="UTF-8"?>
<!-- Generated by org.testng.reporters.JUnitReportReporter -->
<testsuite hostname="DESKTOP-UNIILOK" failures="0" tests="1" name="extentReport.ExtentReport2" time="5.380" errors="0" timestamp="2023-03-10T16:28:38 IST" skipped="0">
  <testcase classname="extentReport.ExtentReport2" name="exreport" time="5.380"/>
  <system-out/>
</testsuite> <!-- extentReport.ExtentReport2 -->
