<?xml version="1.0" encoding="UTF-8"?>
<!-- Generated by org.testng.reporters.JUnitReportReporter -->
<testsuite hostname="DESKTOP-UNIILOK" failures="0" tests="1" name="extentReport.ExtentReport3" time="15.776" errors="0" timestamp="2023-03-10T17:00:50 IST" skipped="0">
  <testcase classname="extentReport.ExtentReport3" name="report" time="15.776"/>
  <system-out/>
</testsuite> <!-- extentReport.ExtentReport3 -->
