<?xml version="1.0" encoding="UTF-8"?>
<!-- Generated by org.testng.reporters.JUnitReportReporter -->
<testsuite hostname="DESKTOP-UNIILOK" failures="0" tests="1" name="extentReport.ExtentreportSample" time="11.447" errors="0" timestamp="2023-03-09T14:39:04 IST" skipped="0">
  <testcase classname="extentReport.ExtentreportSample" name="exreport" time="11.447"/>
  <system-out/>
</testsuite> <!-- extentReport.ExtentreportSample -->
