<?xml version="1.0" encoding="UTF-8"?>
<!-- Generated by org.testng.reporters.JUnitReportReporter -->
<testsuite hostname="DESKTOP-UNIILOK" failures="0" tests="2" name="parameterization.Parallel_execution" time="26.612" errors="0" timestamp="2023-03-05T13:32:07 IST" skipped="0">
  <testcase classname="parameterization.Parallel_execution" name="openapp10" time="12.697"/>
  <system-out/>
  <testcase classname="parameterization.Parallel_execution" name="openapp10" time="13.915"/>
  <system-out/>
</testsuite> <!-- parameterization.Parallel_execution -->
