<?xml version="1.0" encoding="UTF-8"?>
<!-- Generated by org.testng.reporters.JUnitReportReporter -->
<testsuite hostname="DESKTOP-UNIILOK" failures="0" tests="1" name="redBus.Scriptclass" time="24.099" errors="0" timestamp="2023-03-09T11:22:59 IST" skipped="0">
  <testcase classname="redBus.Scriptclass" name="viewcount" time="24.099"/>
  <system-out/>
</testsuite> <!-- redBus.Scriptclass -->
